<?xml version="1.0" encoding="UTF-8"?>
<!-- Generated by org.testng.reporters.JUnitReportReporter -->
<testsuite hostname="shah4corp" failures="0" tests="1" name="Pkg.Extent.Sun1105Demo" time="6.810" errors="0" timestamp="2024-08-10T18:26:20 IST" skipped="0">
  <testcase classname="Pkg.Extent.Sun1105Demo" name="test" time="6.810"/>
</testsuite> <!-- Pkg.Extent.Sun1105Demo -->
