<?xml version="1.0" encoding="UTF-8"?>
<!-- Generated by org.testng.reporters.JUnitReportReporter -->
<testsuite hostname="shah4corp" failures="0" tests="2" name="TestNG.TestNG_Parallel1" time="20.028" errors="0" timestamp="2024-07-27T20:05:14 IST" skipped="0">
  <testcase classname="TestNG.TestNG_Parallel1" name="testMethod1" time="10.020"/>
  <testcase classname="TestNG.TestNG_Parallel1" name="testMethod2" time="10.008"/>
</testsuite> <!-- TestNG.TestNG_Parallel1 -->
