<?xml version="1.0" encoding="UTF-8"?>
<!-- Generated by org.testng.reporters.JUnitReportReporter -->
<testsuite hostname="shah4corp" failures="0" tests="2" name="TestNG.TestClass2" time="0.014" errors="0" timestamp="2024-07-27T21:04:57 IST" skipped="0">
  <testcase classname="TestNG.TestClass2" name="testMethod2" time="0.009"/>
  <testcase classname="TestNG.TestClass2" name="testMethod1" time="0.005"/>
</testsuite> <!-- TestNG.TestClass2 -->
