<?xml version="1.0" encoding="UTF-8"?>
<!-- Generated by org.testng.reporters.JUnitReportReporter -->
<testsuite hostname="shah4corp" failures="0" tests="6" name="Pkg.Extent.NewTest" time="0.025" errors="0" timestamp="2024-07-27T18:38:09 IST" skipped="0">
  <testcase classname="Pkg.Extent.NewTest" name="f3" time="0.001"/>
  <testcase classname="Pkg.Extent.NewTest" name="f1" time="0.014"/>
  <testcase classname="Pkg.Extent.NewTest" name="f5" time="0.003"/>
  <testcase classname="Pkg.Extent.NewTest" name="f2" time="0.003"/>
  <testcase classname="Pkg.Extent.NewTest" name="f4" time="0.001"/>
  <testcase classname="Pkg.Extent.NewTest" name="f6" time="0.003"/>
</testsuite> <!-- Pkg.Extent.NewTest -->
