<?xml version="1.0" encoding="UTF-8"?>
<!-- Generated by org.testng.reporters.JUnitReportReporter -->
<testsuite hostname="shah4corp" failures="0" tests="2" name="TestNG.TestNG_MethodClassAnnotations" time="0.019" errors="0" timestamp="2024-07-27T20:39:07 IST" skipped="0">
  <testcase classname="TestNG.TestNG_MethodClassAnnotations" name="testMethod1" time="0.015"/>
  <testcase classname="TestNG.TestNG_MethodClassAnnotations" name="testMethod2" time="0.004"/>
</testsuite> <!-- TestNG.TestNG_MethodClassAnnotations -->
