<?xml version="1.0" encoding="UTF-8"?>
<!-- Generated by org.testng.reporters.JUnitReportReporter -->
<testsuite hostname="shah4corp" failures="0" tests="1" name="Pkg.Extent.Sun1008Demo" time="10.212" errors="0" timestamp="2024-08-10T13:58:39 IST" skipped="0">
  <testcase classname="Pkg.Extent.Sun1008Demo" name="test" time="10.212"/>
</testsuite> <!-- Pkg.Extent.Sun1008Demo -->
